2020-10-29 11:09:38 -Initializing Spring DispatcherServlet 'dispatcherServlet'
2020-10-29 11:09:38 -Initializing Servlet 'dispatcherServlet'
2020-10-29 11:09:38 -Completed initialization in 102 ms
2020-10-29 11:09:38 -HikariPool-1 - Starting...
2020-10-29 11:09:38 -HikariPool-1 - Start completed.
2020-10-29 11:09:38 -请求参数>>>>>>>>>>>> { 	"requestBody": { 		"requestData": { 			"taskType": "1",             "taskStep": "1", 			"params": { 				"database": "crtfcent_db", 				"table_name": "SYS_ORGUNT_CHG_EVT_C",                 "sgbcode": "all",                 "bizdate": "2020-06-19",                 "declare_num": 0,                 "subsys_code": "cep" 			} 		} 	}, 	"requestHead": { 		"no": "20201029110938", 		"source": "dragoon", 		"sourceId": "datasrv", 		"version": "1.0", 		"auth": { 			"name": "i4xMJDo4f3Z3d0QFrQJDZaeAKYdSTCFDcPU6" ,			"password": "FXzeCxy3ip6KgPGBjuETgitUJVue5ABh" 		} 	} } 
2020-10-29 11:09:59 -发送 POST 请求出现异常！java.net.ConnectException: Connection timed out: connect
2020-10-29 13:57:27 -每日数据中台定时任务开始于: Thu Oct 29 13:57:27 CST 2020
2020-10-29 13:57:27 -请求参数>>>>>>>>>>>> { 	"requestBody": { 		"requestData": { 			"taskType": "1",             "taskStep": "1", 			"params": { 				"database": "crtfcent_db", 				"table_name": "SYS_ORGUNT_CHG_EVT_C",                 "sgbcode": "all",                 "bizdate": "2020-10-28",                 "declare_num": 0,                 "subsys_code": "cep" 			} 		} 	}, 	"requestHead": { 		"no": "20201029135727", 		"source": "dragoon", 		"sourceId": "datasrv", 		"version": "1.0", 		"auth": { 			"name": "i4xMJDo4f3Z3d0QFrQJDZaeAKYdSTCFDcPU6" ,			"password": "FXzeCxy3ip6KgPGBjuETgitUJVue5ABh" 		} 	} } 
2020-10-29 13:57:48 -发送 POST 请求出现异常！java.net.ConnectException: Connection timed out: connect
2020-10-29 13:57:48 -请求参数>>>>>>>>>>>> { 	"requestBody": { 		"requestData": { 			"taskType": "1",             "taskStep": "1", 			"params": { 				"database": "crtfcent_db", 				"table_name": "SYS_ORGUNT_D",                 "sgbcode": "all",                 "bizdate": "2020-10-28",                 "declare_num": 0,                 "subsys_code": "cep" 			} 		} 	}, 	"requestHead": { 		"no": "20201029135748", 		"source": "dragoon", 		"sourceId": "datasrv", 		"version": "1.0", 		"auth": { 			"name": "i4xMJDo4f3Z3d0QFrQJDZaeAKYdSTCFDcPU6" ,			"password": "FXzeCxy3ip6KgPGBjuETgitUJVue5ABh" 		} 	} } 
2020-10-29 13:58:09 -发送 POST 请求出现异常！java.net.ConnectException: Connection timed out: connect
2020-10-29 13:58:09 -请求参数>>>>>>>>>>>> { 	"requestBody": { 		"requestData": { 			"taskType": "1",             "taskStep": "1", 			"params": { 				"database": "crtfcent_db", 				"table_name": "SYS_ORGUNT_RLTS_D",                 "sgbcode": "all",                 "bizdate": "2020-10-28",                 "declare_num": 0,                 "subsys_code": "cep" 			} 		} 	}, 	"requestHead": { 		"no": "20201029135809", 		"source": "dragoon", 		"sourceId": "datasrv", 		"version": "1.0", 		"auth": { 			"name": "i4xMJDo4f3Z3d0QFrQJDZaeAKYdSTCFDcPU6" ,			"password": "FXzeCxy3ip6KgPGBjuETgitUJVue5ABh" 		} 	} } 
2020-10-29 13:58:30 -发送 POST 请求出现异常！java.net.ConnectException: Connection timed out: connect
2020-10-29 13:58:30 -请求参数>>>>>>>>>>>> { 	"requestBody": { 		"requestData": { 			"taskType": "1",             "taskStep": "1", 			"params": { 				"database": "crtfcent_db", 				"table_name": "SYS_ORGUNT_UACT_D",                 "sgbcode": "all",                 "bizdate": "2020-10-28",                 "declare_num": 0,                 "subsys_code": "cep" 			} 		} 	}, 	"requestHead": { 		"no": "20201029135830", 		"source": "dragoon", 		"sourceId": "datasrv", 		"version": "1.0", 		"auth": { 			"name": "i4xMJDo4f3Z3d0QFrQJDZaeAKYdSTCFDcPU6" ,			"password": "FXzeCxy3ip6KgPGBjuETgitUJVue5ABh" 		} 	} } 
2020-10-29 13:58:51 -发送 POST 请求出现异常！java.net.ConnectException: Connection timed out: connect
2020-10-29 13:58:51 -请求参数>>>>>>>>>>>> { 	"requestBody": { 		"requestData": { 			"taskType": "1",             "taskStep": "1", 			"params": { 				"database": "crtfcent_db", 				"table_name": "SYS_RESU_D",                 "sgbcode": "all",                 "bizdate": "2020-10-28",                 "declare_num": 16,                 "subsys_code": "cep" 			} 		} 	}, 	"requestHead": { 		"no": "20201029135851", 		"source": "dragoon", 		"sourceId": "datasrv", 		"version": "1.0", 		"auth": { 			"name": "i4xMJDo4f3Z3d0QFrQJDZaeAKYdSTCFDcPU6" ,			"password": "FXzeCxy3ip6KgPGBjuETgitUJVue5ABh" 		} 	} } 
2020-10-29 13:59:12 -发送 POST 请求出现异常！java.net.ConnectException: Connection timed out: connect
2020-10-29 13:59:13 -请求参数>>>>>>>>>>>> { 	"requestBody": { 		"requestData": { 			"taskType": "1",             "taskStep": "1", 			"params": { 				"database": "crtfcent_db", 				"table_name": "SYS_ROLE_PERM_D",                 "sgbcode": "all",                 "bizdate": "2020-10-28",                 "declare_num": 2,                 "subsys_code": "cep" 			} 		} 	}, 	"requestHead": { 		"no": "20201029135913", 		"source": "dragoon", 		"sourceId": "datasrv", 		"version": "1.0", 		"auth": { 			"name": "i4xMJDo4f3Z3d0QFrQJDZaeAKYdSTCFDcPU6" ,			"password": "FXzeCxy3ip6KgPGBjuETgitUJVue5ABh" 		} 	} } 
2020-10-29 13:59:34 -发送 POST 请求出现异常！java.net.ConnectException: Connection timed out: connect
2020-10-29 13:59:34 -请求参数>>>>>>>>>>>> { 	"requestBody": { 		"requestData": { 			"taskType": "1",             "taskStep": "1", 			"params": { 				"database": "crtfcent_db", 				"table_name": "SYS_ROLE_UACT_D",                 "sgbcode": "all",                 "bizdate": "2020-10-28",                 "declare_num": 0,                 "subsys_code": "cep" 			} 		} 	}, 	"requestHead": { 		"no": "20201029135934", 		"source": "dragoon", 		"sourceId": "datasrv", 		"version": "1.0", 		"auth": { 			"name": "i4xMJDo4f3Z3d0QFrQJDZaeAKYdSTCFDcPU6" ,			"password": "FXzeCxy3ip6KgPGBjuETgitUJVue5ABh" 		} 	} } 
2020-10-29 13:59:55 -发送 POST 请求出现异常！java.net.ConnectException: Connection timed out: connect
2020-10-29 13:59:55 -请求参数>>>>>>>>>>>> { 	"requestBody": { 		"requestData": { 			"taskType": "1",             "taskStep": "1", 			"params": { 				"database": "crtfcent_db", 				"table_name": "SYS_SUBSYS_D",                 "sgbcode": "all",                 "bizdate": "2020-10-28",                 "declare_num": 0,                 "subsys_code": "cep" 			} 		} 	}, 	"requestHead": { 		"no": "20201029135955", 		"source": "dragoon", 		"sourceId": "datasrv", 		"version": "1.0", 		"auth": { 			"name": "i4xMJDo4f3Z3d0QFrQJDZaeAKYdSTCFDcPU6" ,			"password": "FXzeCxy3ip6KgPGBjuETgitUJVue5ABh" 		} 	} } 
2020-10-29 14:00:16 -发送 POST 请求出现异常！java.net.ConnectException: Connection timed out: connect
2020-10-29 14:00:16 -请求参数>>>>>>>>>>>> { 	"requestBody": { 		"requestData": { 			"taskType": "1",             "taskStep": "1", 			"params": { 				"database": "crtfcent_db", 				"table_name": "SYS_UACT_D",                 "sgbcode": "all",                 "bizdate": "2020-10-28",                 "declare_num": 8,                 "subsys_code": "cep" 			} 		} 	}, 	"requestHead": { 		"no": "20201029140016", 		"source": "dragoon", 		"sourceId": "datasrv", 		"version": "1.0", 		"auth": { 			"name": "i4xMJDo4f3Z3d0QFrQJDZaeAKYdSTCFDcPU6" ,			"password": "FXzeCxy3ip6KgPGBjuETgitUJVue5ABh" 		} 	} } 
2020-10-29 14:00:37 -发送 POST 请求出现异常！java.net.ConnectException: Connection timed out: connect
2020-10-29 14:00:37 -请求参数>>>>>>>>>>>> { 	"requestBody": { 		"requestData": { 			"taskType": "1",             "taskStep": "1", 			"params": { 				"database": "crtfcent_db", 				"table_name": "SYS_UACT_EXT_D",                 "sgbcode": "all",                 "bizdate": "2020-10-28",                 "declare_num": 0,                 "subsys_code": "cep" 			} 		} 	}, 	"requestHead": { 		"no": "20201029140037", 		"source": "dragoon", 		"sourceId": "datasrv", 		"version": "1.0", 		"auth": { 			"name": "i4xMJDo4f3Z3d0QFrQJDZaeAKYdSTCFDcPU6" ,			"password": "FXzeCxy3ip6KgPGBjuETgitUJVue5ABh" 		} 	} } 
2020-10-29 14:00:58 -发送 POST 请求出现异常！java.net.ConnectException: Connection timed out: connect
2020-10-29 14:00:58 -请求参数>>>>>>>>>>>> { 	"requestBody": { 		"requestData": { 			"taskType": "1",             "taskStep": "1", 			"params": { 				"database": "crtfcent_db", 				"table_name": "SYS_USER_D",                 "sgbcode": "all",                 "bizdate": "2020-10-28",                 "declare_num": 0,                 "subsys_code": "cep" 			} 		} 	}, 	"requestHead": { 		"no": "20201029140058", 		"source": "dragoon", 		"sourceId": "datasrv", 		"version": "1.0", 		"auth": { 			"name": "i4xMJDo4f3Z3d0QFrQJDZaeAKYdSTCFDcPU6" ,			"password": "FXzeCxy3ip6KgPGBjuETgitUJVue5ABh" 		} 	} } 
2020-10-29 14:01:19 -发送 POST 请求出现异常！java.net.ConnectException: Connection timed out: connect
2020-10-29 14:01:19 -每日数据中台定时任务结束于: Thu Oct 29 14:01:19 CST 2020
2020-10-29 15:05:47 -Shutting down ExecutorService 'taskScheduler'
2020-10-29 15:05:47 -Shutting down ExecutorService 'applicationTaskExecutor'
2020-10-29 15:05:47 -HikariPool-1 - Shutdown initiated...
2020-10-29 15:05:47 -HikariPool-1 - Shutdown completed.
